{"C:/Users/Guillaume/booch/src/supabaseClient.ts": {"path":"C:/Users/Guillaume/booch/src/supabaseClient.ts","statementMap":{"0":{"start":{"line":5,"column":24},"end":{"line":5,"column":null}}},"fnMap":{},"branchMap":{},"s":{"0":1},"f":{},"b":{}}
,"C:/Users/Guillaume/booch/src/lib/toasters.ts": {"path":"C:/Users/Guillaume/booch/src/lib/toasters.ts","statementMap":{"0":{"start":{"line":5,"column":1},"end":{"line":11,"column":null}},"1":{"start":{"line":16,"column":1},"end":{"line":22,"column":null}},"2":{"start":{"line":26,"column":1},"end":{"line":32,"column":null}},"3":{"start":{"line":36,"column":1},"end":{"line":41,"column":null}}},"fnMap":{"0":{"name":"success","decl":{"start":{"line":4,"column":16},"end":{"line":4,"column":24}},"loc":{"start":{"line":4,"column":69},"end":{"line":12,"column":null}}},"1":{"name":"warning","decl":{"start":{"line":15,"column":16},"end":{"line":15,"column":24}},"loc":{"start":{"line":15,"column":69},"end":{"line":23,"column":null}}},"2":{"name":"error","decl":{"start":{"line":25,"column":16},"end":{"line":25,"column":22}},"loc":{"start":{"line":25,"column":67},"end":{"line":33,"column":null}}},"3":{"name":"info","decl":{"start":{"line":35,"column":16},"end":{"line":35,"column":21}},"loc":{"start":{"line":35,"column":66},"end":{"line":42,"column":null}}}},"branchMap":{},"s":{"0":0,"1":0,"2":0,"3":0},"f":{"0":0,"1":0,"2":0,"3":0},"b":{}}
,"C:/Users/Guillaume/booch/src/stores/recipe.ts": {"path":"C:/Users/Guillaume/booch/src/stores/recipe.ts","statementMap":{"0":{"start":{"line":12,"column":1},"end":{"line":12,"column":null}},"1":{"start":{"line":14,"column":30},"end":{"line":14,"column":null}},"2":{"start":{"line":16,"column":0},"end":{"line":20,"column":null}},"3":{"start":{"line":17,"column":1},"end":{"line":19,"column":null}},"4":{"start":{"line":18,"column":2},"end":{"line":18,"column":null}},"5":{"start":{"line":22,"column":20},"end":{"line":22,"column":null}},"6":{"start":{"line":24,"column":0},"end":{"line":43,"column":null}},"7":{"start":{"line":25,"column":1},"end":{"line":42,"column":null}},"8":{"start":{"line":26,"column":2},"end":{"line":38,"column":null}},"9":{"start":{"line":29,"column":24},"end":{"line":29,"column":null}},"10":{"start":{"line":30,"column":3},"end":{"line":36,"column":null}},"11":{"start":{"line":32,"column":32},"end":{"line":32,"column":null}},"12":{"start":{"line":33,"column":4},"end":{"line":33,"column":null}},"13":{"start":{"line":35,"column":4},"end":{"line":35,"column":null}},"14":{"start":{"line":37,"column":3},"end":{"line":37,"column":null}},"15":{"start":{"line":46,"column":18},"end":{"line":48,"column":null}},"16":{"start":{"line":47,"column":2},"end":{"line":47,"column":null}},"17":{"start":{"line":49,"column":1},"end":{"line":49,"column":null}},"18":{"start":{"line":53,"column":18},"end":{"line":55,"column":null}},"19":{"start":{"line":54,"column":2},"end":{"line":54,"column":null}},"20":{"start":{"line":56,"column":1},"end":{"line":56,"column":null}},"21":{"start":{"line":60,"column":23},"end":{"line":60,"column":null}},"22":{"start":{"line":61,"column":25},"end":{"line":61,"column":null}},"23":{"start":{"line":62,"column":1},"end":{"line":64,"column":null}},"24":{"start":{"line":63,"column":2},"end":{"line":63,"column":null}},"25":{"start":{"line":66,"column":1},"end":{"line":66,"column":null}},"26":{"start":{"line":69,"column":13},"end":{"line":197,"column":null}},"27":{"start":{"line":70,"column":36},"end":{"line":70,"column":null}},"28":{"start":{"line":73,"column":2},"end":{"line":75,"column":null}},"29":{"start":{"line":74,"column":3},"end":{"line":74,"column":null}},"30":{"start":{"line":80,"column":19},"end":{"line":80,"column":null}},"31":{"start":{"line":81,"column":2},"end":{"line":93,"column":null}},"32":{"start":{"line":84,"column":3},"end":{"line":84,"column":null}},"33":{"start":{"line":85,"column":3},"end":{"line":92,"column":null}},"34":{"start":{"line":86,"column":4},"end":{"line":86,"column":null}},"35":{"start":{"line":88,"column":4},"end":{"line":88,"column":null}},"36":{"start":{"line":91,"column":4},"end":{"line":91,"column":null}},"37":{"start":{"line":100,"column":2},"end":{"line":108,"column":null}},"38":{"start":{"line":101,"column":21},"end":{"line":101,"column":null}},"39":{"start":{"line":102,"column":3},"end":{"line":107,"column":null}},"40":{"start":{"line":104,"column":4},"end":{"line":106,"column":null}},"41":{"start":{"line":105,"column":5},"end":{"line":105,"column":null}},"42":{"start":{"line":112,"column":2},"end":{"line":114,"column":null}},"43":{"start":{"line":113,"column":21},"end":{"line":113,"column":null}},"44":{"start":{"line":119,"column":2},"end":{"line":128,"column":null}},"45":{"start":{"line":120,"column":21},"end":{"line":120,"column":null}},"46":{"start":{"line":121,"column":3},"end":{"line":127,"column":null}},"47":{"start":{"line":123,"column":4},"end":{"line":126,"column":null}},"48":{"start":{"line":124,"column":5},"end":{"line":124,"column":null}},"49":{"start":{"line":125,"column":5},"end":{"line":125,"column":null}},"50":{"start":{"line":132,"column":2},"end":{"line":141,"column":null}},"51":{"start":{"line":133,"column":21},"end":{"line":133,"column":null}},"52":{"start":{"line":134,"column":3},"end":{"line":140,"column":null}},"53":{"start":{"line":136,"column":4},"end":{"line":139,"column":null}},"54":{"start":{"line":137,"column":5},"end":{"line":137,"column":null}},"55":{"start":{"line":138,"column":5},"end":{"line":138,"column":null}},"56":{"start":{"line":144,"column":1},"end":{"line":149,"column":null}},"57":{"start":{"line":145,"column":2},"end":{"line":148,"column":null}},"58":{"start":{"line":146,"column":3},"end":{"line":146,"column":null}},"59":{"start":{"line":147,"column":3},"end":{"line":147,"column":null}},"60":{"start":{"line":152,"column":2},"end":{"line":158,"column":null}},"61":{"start":{"line":153,"column":24},"end":{"line":153,"column":null}},"62":{"start":{"line":154,"column":25},"end":{"line":154,"column":null}},"63":{"start":{"line":155,"column":3},"end":{"line":155,"column":null}},"64":{"start":{"line":156,"column":3},"end":{"line":156,"column":null}},"65":{"start":{"line":157,"column":3},"end":{"line":157,"column":null}},"66":{"start":{"line":161,"column":1},"end":{"line":196,"column":null}},"67":{"start":{"line":165,"column":3},"end":{"line":171,"column":null}},"68":{"start":{"line":166,"column":22},"end":{"line":166,"column":null}},"69":{"start":{"line":167,"column":27},"end":{"line":167,"column":null}},"70":{"start":{"line":168,"column":4},"end":{"line":168,"column":null}},"71":{"start":{"line":169,"column":4},"end":{"line":169,"column":null}},"72":{"start":{"line":170,"column":4},"end":{"line":170,"column":null}},"73":{"start":{"line":174,"column":3},"end":{"line":179,"column":null}},"74":{"start":{"line":175,"column":26},"end":{"line":175,"column":null}},"75":{"start":{"line":176,"column":4},"end":{"line":176,"column":null}},"76":{"start":{"line":177,"column":4},"end":{"line":177,"column":null}},"77":{"start":{"line":178,"column":4},"end":{"line":178,"column":null}},"78":{"start":{"line":182,"column":3},"end":{"line":182,"column":null}},"79":{"start":{"line":185,"column":3},"end":{"line":185,"column":null}},"80":{"start":{"line":188,"column":3},"end":{"line":191,"column":null}},"81":{"start":{"line":189,"column":28},"end":{"line":189,"column":null}},"82":{"start":{"line":190,"column":4},"end":{"line":190,"column":null}},"83":{"start":{"line":194,"column":3},"end":{"line":194,"column":null}},"84":{"start":{"line":199,"column":22},"end":{"line":223,"column":null}},"85":{"start":{"line":201,"column":2},"end":{"line":201,"column":null}},"86":{"start":{"line":204,"column":2},"end":{"line":204,"column":null}},"87":{"start":{"line":207,"column":2},"end":{"line":207,"column":null}},"88":{"start":{"line":210,"column":22},"end":{"line":210,"column":null}},"89":{"start":{"line":211,"column":17},"end":{"line":211,"column":null}},"90":{"start":{"line":212,"column":37},"end":{"line":214,"column":null}},"91":{"start":{"line":213,"column":34},"end":{"line":213,"column":48}},"92":{"start":{"line":215,"column":2},"end":{"line":221,"column":null}},"93":{"start":{"line":216,"column":3},"end":{"line":216,"column":null}},"94":{"start":{"line":217,"column":3},"end":{"line":217,"column":null}},"95":{"start":{"line":218,"column":3},"end":{"line":218,"column":null}},"96":{"start":{"line":219,"column":3},"end":{"line":219,"column":null}},"97":{"start":{"line":220,"column":3},"end":{"line":220,"column":null}},"98":{"start":{"line":225,"column":29},"end":{"line":227,"column":null}},"99":{"start":{"line":226,"column":1},"end":{"line":226,"column":null}},"100":{"start":{"line":229,"column":29},"end":{"line":231,"column":null}},"101":{"start":{"line":230,"column":1},"end":{"line":230,"column":null}},"102":{"start":{"line":234,"column":1},"end":{"line":237,"column":null}},"103":{"start":{"line":235,"column":2},"end":{"line":235,"column":null}},"104":{"start":{"line":236,"column":2},"end":{"line":236,"column":null}},"105":{"start":{"line":241,"column":1},"end":{"line":244,"column":null}},"106":{"start":{"line":242,"column":2},"end":{"line":242,"column":null}},"107":{"start":{"line":242,"column":51},"end":{"line":242,"column":65}},"108":{"start":{"line":243,"column":2},"end":{"line":243,"column":null}},"109":{"start":{"line":248,"column":1},"end":{"line":253,"column":null}},"110":{"start":{"line":249,"column":2},"end":{"line":251,"column":null}},"111":{"start":{"line":250,"column":3},"end":{"line":250,"column":null}},"112":{"start":{"line":252,"column":2},"end":{"line":252,"column":null}}},"fnMap":{"0":{"name":"(anonymous_0)","decl":{"start":{"line":16,"column":25},"end":{"line":16,"column":26}},"loc":{"start":{"line":16,"column":45},"end":{"line":20,"column":1}}},"1":{"name":"(anonymous_1)","decl":{"start":{"line":24,"column":24},"end":{"line":24,"column":31}},"loc":{"start":{"line":24,"column":43},"end":{"line":43,"column":1}}},"2":{"name":"ArrayFromObject","decl":{"start":{"line":45,"column":9},"end":{"line":45,"column":25}},"loc":{"start":{"line":45,"column":49},"end":{"line":50,"column":null}}},"3":{"name":"(anonymous_3)","decl":{"start":{"line":46,"column":33},"end":{"line":46,"column":34}},"loc":{"start":{"line":46,"column":91},"end":{"line":48,"column":4}}},"4":{"name":"objectToArray","decl":{"start":{"line":52,"column":9},"end":{"line":52,"column":23}},"loc":{"start":{"line":52,"column":56},"end":{"line":57,"column":null}}},"5":{"name":"(anonymous_5)","decl":{"start":{"line":53,"column":48},"end":{"line":53,"column":49}},"loc":{"start":{"line":53,"column":97},"end":{"line":55,"column":4}}},"6":{"name":"loadRecipesFromSupabase","decl":{"start":{"line":59,"column":15},"end":{"line":59,"column":74}},"loc":{"start":{"line":59,"column":74},"end":{"line":67,"column":null}}},"7":{"name":"(anonymous_7)","decl":{"start":{"line":69,"column":24},"end":{"line":69,"column":30}},"loc":{"start":{"line":69,"column":30},"end":{"line":197,"column":3}}},"8":{"name":"defaultUpdate","decl":{"start":{"line":72,"column":10},"end":{"line":72,"column":24}},"loc":{"start":{"line":72,"column":45},"end":{"line":76,"column":null}}},"9":{"name":"(anonymous_9)","decl":{"start":{"line":73,"column":9},"end":{"line":73,"column":10}},"loc":{"start":{"line":73,"column":29},"end":{"line":75,"column":null}}},"10":{"name":"supabaseOperation","decl":{"start":{"line":79,"column":16},"end":{"line":79,"column":34}},"loc":{"start":{"line":79,"column":80},"end":{"line":94,"column":null}}},"11":{"name":"createOnSupabase","decl":{"start":{"line":95,"column":16},"end":{"line":95,"column":null}},"loc":{"start":{"line":99,"column":3},"end":{"line":109,"column":null}}},"12":{"name":"(anonymous_12)","decl":{"start":{"line":100,"column":20},"end":{"line":100,"column":32}},"loc":{"start":{"line":100,"column":32},"end":{"line":108,"column":5}}},"13":{"name":"(anonymous_13)","decl":{"start":{"line":104,"column":11},"end":{"line":104,"column":17}},"loc":{"start":{"line":104,"column":17},"end":{"line":106,"column":5}}},"14":{"name":"bulkInsertOnSupabase","decl":{"start":{"line":111,"column":16},"end":{"line":111,"column":37}},"loc":{"start":{"line":111,"column":56},"end":{"line":116,"column":null}}},"15":{"name":"(anonymous_15)","decl":{"start":{"line":112,"column":20},"end":{"line":112,"column":32}},"loc":{"start":{"line":112,"column":32},"end":{"line":114,"column":5}}},"16":{"name":"updateOnSupabase","decl":{"start":{"line":118,"column":16},"end":{"line":118,"column":33}},"loc":{"start":{"line":118,"column":90},"end":{"line":129,"column":null}}},"17":{"name":"(anonymous_17)","decl":{"start":{"line":119,"column":20},"end":{"line":119,"column":32}},"loc":{"start":{"line":119,"column":32},"end":{"line":128,"column":5}}},"18":{"name":"(anonymous_18)","decl":{"start":{"line":123,"column":11},"end":{"line":123,"column":12}},"loc":{"start":{"line":123,"column":24},"end":{"line":126,"column":5}}},"19":{"name":"deleteOnSupabase","decl":{"start":{"line":131,"column":16},"end":{"line":131,"column":33}},"loc":{"start":{"line":131,"column":74},"end":{"line":142,"column":null}}},"20":{"name":"(anonymous_20)","decl":{"start":{"line":132,"column":20},"end":{"line":132,"column":32}},"loc":{"start":{"line":132,"column":32},"end":{"line":141,"column":5}}},"21":{"name":"(anonymous_21)","decl":{"start":{"line":136,"column":11},"end":{"line":136,"column":12}},"loc":{"start":{"line":136,"column":24},"end":{"line":139,"column":5}}},"22":{"name":"(anonymous_22)","decl":{"start":{"line":144,"column":11},"end":{"line":144,"column":12}},"loc":{"start":{"line":144,"column":24},"end":{"line":149,"column":2}}},"23":{"name":"reusableUpdate","decl":{"start":{"line":151,"column":10},"end":{"line":151,"column":25}},"loc":{"start":{"line":151,"column":73},"end":{"line":159,"column":null}}},"24":{"name":"(anonymous_24)","decl":{"start":{"line":152,"column":9},"end":{"line":152,"column":10}},"loc":{"start":{"line":152,"column":22},"end":{"line":158,"column":3}}},"25":{"name":"(anonymous_25)","decl":{"start":{"line":164,"column":7},"end":{"line":164,"column":8}},"loc":{"start":{"line":164,"column":27},"end":{"line":172,"column":null}}},"26":{"name":"(anonymous_26)","decl":{"start":{"line":165,"column":10},"end":{"line":165,"column":11}},"loc":{"start":{"line":165,"column":23},"end":{"line":171,"column":4}}},"27":{"name":"(anonymous_27)","decl":{"start":{"line":173,"column":10},"end":{"line":173,"column":11}},"loc":{"start":{"line":173,"column":32},"end":{"line":180,"column":null}}},"28":{"name":"(anonymous_28)","decl":{"start":{"line":174,"column":10},"end":{"line":174,"column":11}},"loc":{"start":{"line":174,"column":23},"end":{"line":179,"column":4}}},"29":{"name":"(anonymous_29)","decl":{"start":{"line":181,"column":10},"end":{"line":181,"column":11}},"loc":{"start":{"line":181,"column":62},"end":{"line":183,"column":null}}},"30":{"name":"(anonymous_30)","decl":{"start":{"line":184,"column":14},"end":{"line":184,"column":15}},"loc":{"start":{"line":184,"column":53},"end":{"line":186,"column":null}}},"31":{"name":"(anonymous_31)","decl":{"start":{"line":187,"column":30},"end":{"line":187,"column":36}},"loc":{"start":{"line":187,"column":36},"end":{"line":192,"column":null}}},"32":{"name":"(anonymous_32)","decl":{"start":{"line":193,"column":19},"end":{"line":193,"column":25}},"loc":{"start":{"line":193,"column":25},"end":{"line":195,"column":null}}},"33":{"name":"(anonymous_33)","decl":{"start":{"line":200,"column":6},"end":{"line":200,"column":7}},"loc":{"start":{"line":200,"column":42},"end":{"line":202,"column":null}}},"34":{"name":"(anonymous_34)","decl":{"start":{"line":203,"column":9},"end":{"line":203,"column":10}},"loc":{"start":{"line":203,"column":48},"end":{"line":205,"column":null}}},"35":{"name":"(anonymous_35)","decl":{"start":{"line":206,"column":9},"end":{"line":206,"column":10}},"loc":{"start":{"line":206,"column":57},"end":{"line":208,"column":null}}},"36":{"name":"(anonymous_36)","decl":{"start":{"line":209,"column":12},"end":{"line":209,"column":13}},"loc":{"start":{"line":209,"column":51},"end":{"line":222,"column":null}}},"37":{"name":"(anonymous_37)","decl":{"start":{"line":213,"column":22},"end":{"line":213,"column":23}},"loc":{"start":{"line":213,"column":34},"end":{"line":213,"column":48}}},"38":{"name":"(anonymous_38)","decl":{"start":{"line":225,"column":64},"end":{"line":225,"column":65}},"loc":{"start":{"line":225,"column":97},"end":{"line":227,"column":1}}},"39":{"name":"(anonymous_39)","decl":{"start":{"line":229,"column":64},"end":{"line":229,"column":65}},"loc":{"start":{"line":229,"column":97},"end":{"line":231,"column":1}}},"40":{"name":"addPointToRecipe","decl":{"start":{"line":233,"column":9},"end":{"line":233,"column":26}},"loc":{"start":{"line":233,"column":40},"end":{"line":238,"column":null}}},"41":{"name":"(anonymous_41)","decl":{"start":{"line":234,"column":8},"end":{"line":234,"column":9}},"loc":{"start":{"line":234,"column":28},"end":{"line":237,"column":null}}},"42":{"name":"removePointFromRecipe","decl":{"start":{"line":240,"column":9},"end":{"line":240,"column":31}},"loc":{"start":{"line":240,"column":48},"end":{"line":245,"column":null}}},"43":{"name":"(anonymous_43)","decl":{"start":{"line":241,"column":8},"end":{"line":241,"column":9}},"loc":{"start":{"line":241,"column":28},"end":{"line":244,"column":null}}},"44":{"name":"(anonymous_44)","decl":{"start":{"line":242,"column":39},"end":{"line":242,"column":40}},"loc":{"start":{"line":242,"column":51},"end":{"line":242,"column":65}}},"45":{"name":"updatePointFromRecipe","decl":{"start":{"line":247,"column":9},"end":{"line":247,"column":31}},"loc":{"start":{"line":247,"column":57},"end":{"line":254,"column":null}}},"46":{"name":"(anonymous_46)","decl":{"start":{"line":248,"column":8},"end":{"line":248,"column":9}},"loc":{"start":{"line":248,"column":28},"end":{"line":253,"column":null}}},"47":{"name":"(anonymous_47)","decl":{"start":{"line":249,"column":36},"end":{"line":249,"column":37}},"loc":{"start":{"line":250,"column":3},"end":{"line":250,"column":null}}}},"branchMap":{"0":{"loc":{"start":{"line":12,"column":1},"end":{"line":12,"column":null}},"type":"binary-expr","locations":[{"start":{"line":12,"column":1},"end":{"line":12,"column":12}},{"start":{"line":12,"column":12},"end":{"line":12,"column":43}},{"start":{"line":12,"column":43},"end":{"line":12,"column":null}}]},"1":{"loc":{"start":{"line":14,"column":47},"end":{"line":14,"column":74}},"type":"binary-expr","locations":[{"start":{"line":14,"column":47},"end":{"line":14,"column":69}},{"start":{"line":14,"column":69},"end":{"line":14,"column":74}}]},"2":{"loc":{"start":{"line":17,"column":1},"end":{"line":19,"column":null}},"type":"if","locations":[{"start":{"line":17,"column":1},"end":{"line":19,"column":null}},{"start":{"line":17,"column":1},"end":{"line":19,"column":null}}]},"3":{"loc":{"start":{"line":22,"column":20},"end":{"line":22,"column":null}},"type":"binary-expr","locations":[{"start":{"line":22,"column":20},"end":{"line":22,"column":31}},{"start":{"line":22,"column":31},"end":{"line":22,"column":55}},{"start":{"line":22,"column":55},"end":{"line":22,"column":null}}]},"4":{"loc":{"start":{"line":25,"column":1},"end":{"line":42,"column":null}},"type":"if","locations":[{"start":{"line":25,"column":1},"end":{"line":42,"column":null}},{"start":{"line":39,"column":8},"end":{"line":42,"column":null}}]},"5":{"loc":{"start":{"line":25,"column":5},"end":{"line":25,"column":30}},"type":"binary-expr","locations":[{"start":{"line":25,"column":5},"end":{"line":25,"column":16}},{"start":{"line":25,"column":16},"end":{"line":25,"column":30}}]},"6":{"loc":{"start":{"line":30,"column":3},"end":{"line":36,"column":null}},"type":"if","locations":[{"start":{"line":30,"column":3},"end":{"line":36,"column":null}},{"start":{"line":34,"column":10},"end":{"line":36,"column":null}}]},"7":{"loc":{"start":{"line":62,"column":1},"end":{"line":64,"column":null}},"type":"if","locations":[{"start":{"line":62,"column":1},"end":{"line":64,"column":null}},{"start":{"line":62,"column":1},"end":{"line":64,"column":null}}]},"8":{"loc":{"start":{"line":70,"column":69},"end":{"line":70,"column":86}},"type":"binary-expr","locations":[{"start":{"line":70,"column":69},"end":{"line":70,"column":84}},{"start":{"line":70,"column":84},"end":{"line":70,"column":86}}]},"9":{"loc":{"start":{"line":81,"column":2},"end":{"line":93,"column":null}},"type":"if","locations":[{"start":{"line":81,"column":2},"end":{"line":93,"column":null}},{"start":{"line":81,"column":2},"end":{"line":93,"column":null}}]},"10":{"loc":{"start":{"line":102,"column":3},"end":{"line":107,"column":null}},"type":"if","locations":[{"start":{"line":102,"column":3},"end":{"line":107,"column":null}},{"start":{"line":102,"column":3},"end":{"line":107,"column":null}}]},"11":{"loc":{"start":{"line":121,"column":3},"end":{"line":127,"column":null}},"type":"if","locations":[{"start":{"line":121,"column":3},"end":{"line":127,"column":null}},{"start":{"line":121,"column":3},"end":{"line":127,"column":null}}]},"12":{"loc":{"start":{"line":134,"column":3},"end":{"line":140,"column":null}},"type":"if","locations":[{"start":{"line":134,"column":3},"end":{"line":140,"column":null}},{"start":{"line":134,"column":3},"end":{"line":140,"column":null}}]},"13":{"loc":{"start":{"line":145,"column":2},"end":{"line":148,"column":null}},"type":"if","locations":[{"start":{"line":145,"column":2},"end":{"line":148,"column":null}},{"start":{"line":145,"column":2},"end":{"line":148,"column":null}}]},"14":{"loc":{"start":{"line":145,"column":6},"end":{"line":145,"column":26}},"type":"binary-expr","locations":[{"start":{"line":145,"column":6},"end":{"line":145,"column":17}},{"start":{"line":145,"column":17},"end":{"line":145,"column":26}}]},"15":{"loc":{"start":{"line":151,"column":46},"end":{"line":151,"column":73}},"type":"default-arg","locations":[{"start":{"line":151,"column":51},"end":{"line":151,"column":73}}]},"16":{"loc":{"start":{"line":181,"column":32},"end":{"line":181,"column":62}},"type":"default-arg","locations":[{"start":{"line":181,"column":37},"end":{"line":181,"column":62}}]},"17":{"loc":{"start":{"line":188,"column":3},"end":{"line":191,"column":null}},"type":"if","locations":[{"start":{"line":188,"column":3},"end":{"line":191,"column":null}},{"start":{"line":188,"column":3},"end":{"line":191,"column":null}}]},"18":{"loc":{"start":{"line":188,"column":7},"end":{"line":188,"column":40}},"type":"binary-expr","locations":[{"start":{"line":188,"column":7},"end":{"line":188,"column":18}},{"start":{"line":188,"column":18},"end":{"line":188,"column":40}}]},"19":{"loc":{"start":{"line":215,"column":2},"end":{"line":221,"column":null}},"type":"if","locations":[{"start":{"line":215,"column":2},"end":{"line":221,"column":null}},{"start":{"line":215,"column":2},"end":{"line":221,"column":null}}]},"20":{"loc":{"start":{"line":250,"column":3},"end":{"line":250,"column":null}},"type":"cond-expr","locations":[{"start":{"line":250,"column":32},"end":{"line":250,"column":63}},{"start":{"line":250,"column":63},"end":{"line":250,"column":null}}]}},"s":{"0":1,"1":1,"2":1,"3":1,"4":0,"5":1,"6":1,"7":1,"8":0,"9":0,"10":0,"11":0,"12":0,"13":0,"14":0,"15":0,"16":0,"17":0,"18":0,"19":0,"20":0,"21":0,"22":0,"23":0,"24":0,"25":0,"26":1,"27":1,"28":0,"29":0,"30":8,"31":8,"32":0,"33":0,"34":0,"35":0,"36":0,"37":4,"38":0,"39":0,"40":0,"41":0,"42":0,"43":0,"44":3,"45":0,"46":0,"47":0,"48":0,"49":0,"50":1,"51":0,"52":0,"53":0,"54":0,"55":0,"56":1,"57":13,"58":0,"59":0,"60":3,"61":3,"62":3,"63":3,"64":3,"65":3,"66":1,"67":4,"68":4,"69":4,"70":4,"71":4,"72":4,"73":1,"74":1,"75":1,"76":1,"77":1,"78":3,"79":0,"80":0,"81":0,"82":0,"83":0,"84":1,"85":2,"86":0,"87":0,"88":1,"89":1,"90":1,"91":1,"92":1,"93":1,"94":1,"95":1,"96":1,"97":1,"98":1,"99":0,"100":1,"101":0,"102":3,"103":3,"104":3,"105":0,"106":0,"107":0,"108":0,"109":0,"110":0,"111":0,"112":0},"f":{"0":1,"1":1,"2":0,"3":0,"4":0,"5":0,"6":0,"7":1,"8":0,"9":0,"10":8,"11":4,"12":0,"13":0,"14":0,"15":0,"16":3,"17":0,"18":0,"19":1,"20":0,"21":0,"22":13,"23":3,"24":3,"25":4,"26":4,"27":1,"28":1,"29":3,"30":0,"31":0,"32":0,"33":2,"34":0,"35":0,"36":1,"37":1,"38":0,"39":0,"40":3,"41":3,"42":0,"43":0,"44":0,"45":0,"46":0,"47":0},"b":{"0":[1,0,0],"1":[1,0],"2":[0,1],"3":[1,0,0],"4":[0,1],"5":[1,0],"6":[0,0],"7":[0,0],"8":[1,1],"9":[0,8],"10":[0,0],"11":[0,0],"12":[0,0],"13":[0,13],"14":[13,0],"15":[0],"16":[0],"17":[0,0],"18":[0,0],"19":[1,0],"20":[0,0]}}
,"C:/Users/Guillaume/booch/src/stores/supabase.ts": {"path":"C:/Users/Guillaume/booch/src/stores/supabase.ts","statementMap":{"0":{"start":{"line":4,"column":29},"end":{"line":4,"column":null}},"1":{"start":{"line":6,"column":26},"end":{"line":6,"column":null}},"2":{"start":{"line":8,"column":13},"end":{"line":28,"column":null}},"3":{"start":{"line":9,"column":36},"end":{"line":9,"column":null}},"4":{"start":{"line":11,"column":1},"end":{"line":27,"column":null}},"5":{"start":{"line":15,"column":3},"end":{"line":17,"column":null}},"6":{"start":{"line":16,"column":4},"end":{"line":16,"column":null}},"7":{"start":{"line":20,"column":3},"end":{"line":24,"column":null}},"8":{"start":{"line":21,"column":19},"end":{"line":21,"column":null}},"9":{"start":{"line":22,"column":4},"end":{"line":22,"column":null}},"10":{"start":{"line":23,"column":4},"end":{"line":23,"column":null}},"11":{"start":{"line":26,"column":15},"end":{"line":26,"column":null}}},"fnMap":{"0":{"name":"(anonymous_0)","decl":{"start":{"line":8,"column":24},"end":{"line":8,"column":30}},"loc":{"start":{"line":8,"column":30},"end":{"line":28,"column":3}}},"1":{"name":"(anonymous_1)","decl":{"start":{"line":14,"column":7},"end":{"line":14,"column":8}},"loc":{"start":{"line":14,"column":26},"end":{"line":18,"column":null}}},"2":{"name":"(anonymous_2)","decl":{"start":{"line":15,"column":10},"end":{"line":15,"column":11}},"loc":{"start":{"line":15,"column":23},"end":{"line":17,"column":4}}},"3":{"name":"(anonymous_3)","decl":{"start":{"line":19,"column":10},"end":{"line":19,"column":11}},"loc":{"start":{"line":19,"column":32},"end":{"line":25,"column":null}}},"4":{"name":"(anonymous_4)","decl":{"start":{"line":20,"column":10},"end":{"line":20,"column":11}},"loc":{"start":{"line":20,"column":23},"end":{"line":24,"column":4}}},"5":{"name":"(anonymous_5)","decl":{"start":{"line":26,"column":9},"end":{"line":26,"column":15}},"loc":{"start":{"line":26,"column":15},"end":{"line":26,"column":null}}}},"branchMap":{},"s":{"0":1,"1":1,"2":1,"3":1,"4":1,"5":0,"6":0,"7":0,"8":0,"9":0,"10":0,"11":0},"f":{"0":1,"1":0,"2":0,"3":0,"4":0,"5":0},"b":{}}
}
